0 info it worked if it ends with ok
1 verbose cli [ '/usr/bin/nodejs', '/usr/bin/npm', 'install' ]
2 info using npm@1.3.10
3 info using node@v0.10.25
4 verbose readDependencies using package.json deps
5 verbose install where, deps [ '/home/zieghailo/development/projects/rt_hakaton/injera/statika/web/static/proba',
5 verbose install   [ 'grunt',
5 verbose install     'grunt-autoprefixer',
5 verbose install     'grunt-concurrent',
5 verbose install     'grunt-contrib-clean',
5 verbose install     'grunt-contrib-concat',
5 verbose install     'grunt-contrib-connect',
5 verbose install     'grunt-contrib-copy',
5 verbose install     'grunt-contrib-cssmin',
5 verbose install     'grunt-contrib-htmlmin',
5 verbose install     'grunt-contrib-imagemin',
5 verbose install     'grunt-contrib-jshint',
5 verbose install     'grunt-contrib-uglify',
5 verbose install     'grunt-contrib-watch',
5 verbose install     'grunt-filerev',
5 verbose install     'grunt-google-cdn',
5 verbose install     'grunt-karma',
5 verbose install     'grunt-newer',
5 verbose install     'grunt-ng-annotate',
5 verbose install     'grunt-svgmin',
5 verbose install     'grunt-usemin',
5 verbose install     'grunt-wiredep',
5 verbose install     'jshint-stylish',
5 verbose install     'karma-jasmine',
5 verbose install     'karma-phantomjs-launcher',
5 verbose install     'load-grunt-tasks',
5 verbose install     'time-grunt' ] ]
6 info preinstall proba@0.0.0
7 verbose readDependencies using package.json deps
8 verbose cache add [ 'grunt-concurrent@^1.0.0', null ]
9 verbose cache add name=undefined spec="grunt-concurrent@^1.0.0" args=["grunt-concurrent@^1.0.0",null]
10 verbose parsed url { protocol: null,
10 verbose parsed url   slashes: null,
10 verbose parsed url   auth: null,
10 verbose parsed url   host: null,
10 verbose parsed url   port: null,
10 verbose parsed url   hostname: null,
10 verbose parsed url   hash: null,
10 verbose parsed url   search: null,
10 verbose parsed url   query: null,
10 verbose parsed url   pathname: 'grunt-concurrent@^1.0.0',
10 verbose parsed url   path: 'grunt-concurrent@^1.0.0',
10 verbose parsed url   href: 'grunt-concurrent@^1.0.0' }
11 verbose cache add name="grunt-concurrent" spec="^1.0.0" args=["grunt-concurrent","^1.0.0"]
12 verbose parsed url { protocol: null,
12 verbose parsed url   slashes: null,
12 verbose parsed url   auth: null,
12 verbose parsed url   host: null,
12 verbose parsed url   port: null,
12 verbose parsed url   hostname: null,
12 verbose parsed url   hash: null,
12 verbose parsed url   search: null,
12 verbose parsed url   query: null,
12 verbose parsed url   pathname: '^1.0.0',
12 verbose parsed url   path: '^1.0.0',
12 verbose parsed url   href: '^1.0.0' }
13 verbose addNamed [ 'grunt-concurrent', '^1.0.0' ]
14 verbose addNamed [ null, '>=1.0.0-0 <2.0.0-0' ]
15 verbose cache add [ 'grunt@^0.4.5', null ]
16 verbose cache add name=undefined spec="grunt@^0.4.5" args=["grunt@^0.4.5",null]
17 verbose parsed url { protocol: null,
17 verbose parsed url   slashes: null,
17 verbose parsed url   auth: null,
17 verbose parsed url   host: null,
17 verbose parsed url   port: null,
17 verbose parsed url   hostname: null,
17 verbose parsed url   hash: null,
17 verbose parsed url   search: null,
17 verbose parsed url   query: null,
17 verbose parsed url   pathname: 'grunt@^0.4.5',
17 verbose parsed url   path: 'grunt@^0.4.5',
17 verbose parsed url   href: 'grunt@^0.4.5' }
18 verbose cache add name="grunt" spec="^0.4.5" args=["grunt","^0.4.5"]
19 verbose parsed url { protocol: null,
19 verbose parsed url   slashes: null,
19 verbose parsed url   auth: null,
19 verbose parsed url   host: null,
19 verbose parsed url   port: null,
19 verbose parsed url   hostname: null,
19 verbose parsed url   hash: null,
19 verbose parsed url   search: null,
19 verbose parsed url   query: null,
19 verbose parsed url   pathname: '^0.4.5',
19 verbose parsed url   path: '^0.4.5',
19 verbose parsed url   href: '^0.4.5' }
20 verbose addNamed [ 'grunt', '^0.4.5' ]
21 verbose addNamed [ null, '>=0.4.5-0 <0.5.0-0' ]
22 verbose cache add [ 'grunt-autoprefixer@^2.0.0', null ]
23 verbose cache add name=undefined spec="grunt-autoprefixer@^2.0.0" args=["grunt-autoprefixer@^2.0.0",null]
24 verbose parsed url { protocol: null,
24 verbose parsed url   slashes: null,
24 verbose parsed url   auth: null,
24 verbose parsed url   host: null,
24 verbose parsed url   port: null,
24 verbose parsed url   hostname: null,
24 verbose parsed url   hash: null,
24 verbose parsed url   search: null,
24 verbose parsed url   query: null,
24 verbose parsed url   pathname: 'grunt-autoprefixer@^2.0.0',
24 verbose parsed url   path: 'grunt-autoprefixer@^2.0.0',
24 verbose parsed url   href: 'grunt-autoprefixer@^2.0.0' }
25 verbose cache add name="grunt-autoprefixer" spec="^2.0.0" args=["grunt-autoprefixer","^2.0.0"]
26 verbose parsed url { protocol: null,
26 verbose parsed url   slashes: null,
26 verbose parsed url   auth: null,
26 verbose parsed url   host: null,
26 verbose parsed url   port: null,
26 verbose parsed url   hostname: null,
26 verbose parsed url   hash: null,
26 verbose parsed url   search: null,
26 verbose parsed url   query: null,
26 verbose parsed url   pathname: '^2.0.0',
26 verbose parsed url   path: '^2.0.0',
26 verbose parsed url   href: '^2.0.0' }
27 verbose addNamed [ 'grunt-autoprefixer', '^2.0.0' ]
28 verbose addNamed [ null, '>=2.0.0-0 <3.0.0-0' ]
29 silly lockFile e5d6a4fb-grunt-concurrent-1-0-0 grunt-concurrent@^1.0.0
30 verbose lock grunt-concurrent@^1.0.0 /home/zieghailo/.npm/e5d6a4fb-grunt-concurrent-1-0-0.lock
31 silly lockFile 73541f84-grunt-0-4-5 grunt@^0.4.5
32 verbose lock grunt@^0.4.5 /home/zieghailo/.npm/73541f84-grunt-0-4-5.lock
33 silly lockFile 2b1592d4-grunt-autoprefixer-2-0-0 grunt-autoprefixer@^2.0.0
34 verbose lock grunt-autoprefixer@^2.0.0 /home/zieghailo/.npm/2b1592d4-grunt-autoprefixer-2-0-0.lock
35 verbose cache add [ 'grunt-contrib-clean@^0.6.0', null ]
36 verbose cache add name=undefined spec="grunt-contrib-clean@^0.6.0" args=["grunt-contrib-clean@^0.6.0",null]
37 verbose parsed url { protocol: null,
37 verbose parsed url   slashes: null,
37 verbose parsed url   auth: null,
37 verbose parsed url   host: null,
37 verbose parsed url   port: null,
37 verbose parsed url   hostname: null,
37 verbose parsed url   hash: null,
37 verbose parsed url   search: null,
37 verbose parsed url   query: null,
37 verbose parsed url   pathname: 'grunt-contrib-clean@^0.6.0',
37 verbose parsed url   path: 'grunt-contrib-clean@^0.6.0',
37 verbose parsed url   href: 'grunt-contrib-clean@^0.6.0' }
38 verbose cache add name="grunt-contrib-clean" spec="^0.6.0" args=["grunt-contrib-clean","^0.6.0"]
39 verbose parsed url { protocol: null,
39 verbose parsed url   slashes: null,
39 verbose parsed url   auth: null,
39 verbose parsed url   host: null,
39 verbose parsed url   port: null,
39 verbose parsed url   hostname: null,
39 verbose parsed url   hash: null,
39 verbose parsed url   search: null,
39 verbose parsed url   query: null,
39 verbose parsed url   pathname: '^0.6.0',
39 verbose parsed url   path: '^0.6.0',
39 verbose parsed url   href: '^0.6.0' }
40 verbose addNamed [ 'grunt-contrib-clean', '^0.6.0' ]
41 verbose addNamed [ null, '>=0.6.0-0 <0.7.0-0' ]
42 silly lockFile ca39a60f-grunt-contrib-clean-0-6-0 grunt-contrib-clean@^0.6.0
43 verbose lock grunt-contrib-clean@^0.6.0 /home/zieghailo/.npm/ca39a60f-grunt-contrib-clean-0-6-0.lock
44 verbose cache add [ 'grunt-contrib-concat@^0.5.0', null ]
45 verbose cache add name=undefined spec="grunt-contrib-concat@^0.5.0" args=["grunt-contrib-concat@^0.5.0",null]
46 verbose parsed url { protocol: null,
46 verbose parsed url   slashes: null,
46 verbose parsed url   auth: null,
46 verbose parsed url   host: null,
46 verbose parsed url   port: null,
46 verbose parsed url   hostname: null,
46 verbose parsed url   hash: null,
46 verbose parsed url   search: null,
46 verbose parsed url   query: null,
46 verbose parsed url   pathname: 'grunt-contrib-concat@^0.5.0',
46 verbose parsed url   path: 'grunt-contrib-concat@^0.5.0',
46 verbose parsed url   href: 'grunt-contrib-concat@^0.5.0' }
47 verbose cache add name="grunt-contrib-concat" spec="^0.5.0" args=["grunt-contrib-concat","^0.5.0"]
48 verbose parsed url { protocol: null,
48 verbose parsed url   slashes: null,
48 verbose parsed url   auth: null,
48 verbose parsed url   host: null,
48 verbose parsed url   port: null,
48 verbose parsed url   hostname: null,
48 verbose parsed url   hash: null,
48 verbose parsed url   search: null,
48 verbose parsed url   query: null,
48 verbose parsed url   pathname: '^0.5.0',
48 verbose parsed url   path: '^0.5.0',
48 verbose parsed url   href: '^0.5.0' }
49 verbose addNamed [ 'grunt-contrib-concat', '^0.5.0' ]
50 verbose addNamed [ null, '>=0.5.0-0 <0.6.0-0' ]
51 silly lockFile 47c410cb-grunt-contrib-concat-0-5-0 grunt-contrib-concat@^0.5.0
52 verbose lock grunt-contrib-concat@^0.5.0 /home/zieghailo/.npm/47c410cb-grunt-contrib-concat-0-5-0.lock
53 verbose cache add [ 'grunt-contrib-connect@^0.9.0', null ]
54 verbose cache add name=undefined spec="grunt-contrib-connect@^0.9.0" args=["grunt-contrib-connect@^0.9.0",null]
55 verbose parsed url { protocol: null,
55 verbose parsed url   slashes: null,
55 verbose parsed url   auth: null,
55 verbose parsed url   host: null,
55 verbose parsed url   port: null,
55 verbose parsed url   hostname: null,
55 verbose parsed url   hash: null,
55 verbose parsed url   search: null,
55 verbose parsed url   query: null,
55 verbose parsed url   pathname: 'grunt-contrib-connect@^0.9.0',
55 verbose parsed url   path: 'grunt-contrib-connect@^0.9.0',
55 verbose parsed url   href: 'grunt-contrib-connect@^0.9.0' }
56 verbose cache add name="grunt-contrib-connect" spec="^0.9.0" args=["grunt-contrib-connect","^0.9.0"]
57 verbose parsed url { protocol: null,
57 verbose parsed url   slashes: null,
57 verbose parsed url   auth: null,
57 verbose parsed url   host: null,
57 verbose parsed url   port: null,
57 verbose parsed url   hostname: null,
57 verbose parsed url   hash: null,
57 verbose parsed url   search: null,
57 verbose parsed url   query: null,
57 verbose parsed url   pathname: '^0.9.0',
57 verbose parsed url   path: '^0.9.0',
57 verbose parsed url   href: '^0.9.0' }
58 verbose addNamed [ 'grunt-contrib-connect', '^0.9.0' ]
59 verbose addNamed [ null, '>=0.9.0-0 <0.10.0-0' ]
60 silly lockFile 8990ac20-grunt-contrib-connect-0-9-0 grunt-contrib-connect@^0.9.0
61 verbose lock grunt-contrib-connect@^0.9.0 /home/zieghailo/.npm/8990ac20-grunt-contrib-connect-0-9-0.lock
62 verbose cache add [ 'grunt-contrib-copy@^0.7.0', null ]
63 verbose cache add name=undefined spec="grunt-contrib-copy@^0.7.0" args=["grunt-contrib-copy@^0.7.0",null]
64 verbose parsed url { protocol: null,
64 verbose parsed url   slashes: null,
64 verbose parsed url   auth: null,
64 verbose parsed url   host: null,
64 verbose parsed url   port: null,
64 verbose parsed url   hostname: null,
64 verbose parsed url   hash: null,
64 verbose parsed url   search: null,
64 verbose parsed url   query: null,
64 verbose parsed url   pathname: 'grunt-contrib-copy@^0.7.0',
64 verbose parsed url   path: 'grunt-contrib-copy@^0.7.0',
64 verbose parsed url   href: 'grunt-contrib-copy@^0.7.0' }
65 verbose cache add name="grunt-contrib-copy" spec="^0.7.0" args=["grunt-contrib-copy","^0.7.0"]
66 verbose parsed url { protocol: null,
66 verbose parsed url   slashes: null,
66 verbose parsed url   auth: null,
66 verbose parsed url   host: null,
66 verbose parsed url   port: null,
66 verbose parsed url   hostname: null,
66 verbose parsed url   hash: null,
66 verbose parsed url   search: null,
66 verbose parsed url   query: null,
66 verbose parsed url   pathname: '^0.7.0',
66 verbose parsed url   path: '^0.7.0',
66 verbose parsed url   href: '^0.7.0' }
67 verbose addNamed [ 'grunt-contrib-copy', '^0.7.0' ]
68 verbose addNamed [ null, '>=0.7.0-0 <0.8.0-0' ]
69 silly lockFile 359d66a1-grunt-contrib-copy-0-7-0 grunt-contrib-copy@^0.7.0
70 verbose lock grunt-contrib-copy@^0.7.0 /home/zieghailo/.npm/359d66a1-grunt-contrib-copy-0-7-0.lock
71 verbose cache add [ 'grunt-contrib-cssmin@^0.12.0', null ]
72 verbose cache add name=undefined spec="grunt-contrib-cssmin@^0.12.0" args=["grunt-contrib-cssmin@^0.12.0",null]
73 verbose parsed url { protocol: null,
73 verbose parsed url   slashes: null,
73 verbose parsed url   auth: null,
73 verbose parsed url   host: null,
73 verbose parsed url   port: null,
73 verbose parsed url   hostname: null,
73 verbose parsed url   hash: null,
73 verbose parsed url   search: null,
73 verbose parsed url   query: null,
73 verbose parsed url   pathname: 'grunt-contrib-cssmin@^0.12.0',
73 verbose parsed url   path: 'grunt-contrib-cssmin@^0.12.0',
73 verbose parsed url   href: 'grunt-contrib-cssmin@^0.12.0' }
74 verbose cache add name="grunt-contrib-cssmin" spec="^0.12.0" args=["grunt-contrib-cssmin","^0.12.0"]
75 verbose parsed url { protocol: null,
75 verbose parsed url   slashes: null,
75 verbose parsed url   auth: null,
75 verbose parsed url   host: null,
75 verbose parsed url   port: null,
75 verbose parsed url   hostname: null,
75 verbose parsed url   hash: null,
75 verbose parsed url   search: null,
75 verbose parsed url   query: null,
75 verbose parsed url   pathname: '^0.12.0',
75 verbose parsed url   path: '^0.12.0',
75 verbose parsed url   href: '^0.12.0' }
76 verbose addNamed [ 'grunt-contrib-cssmin', '^0.12.0' ]
77 verbose addNamed [ null, '>=0.12.0-0 <0.13.0-0' ]
78 silly lockFile 149f993a-grunt-contrib-cssmin-0-12-0 grunt-contrib-cssmin@^0.12.0
79 verbose lock grunt-contrib-cssmin@^0.12.0 /home/zieghailo/.npm/149f993a-grunt-contrib-cssmin-0-12-0.lock
80 verbose cache add [ 'grunt-contrib-htmlmin@^0.4.0', null ]
81 verbose cache add name=undefined spec="grunt-contrib-htmlmin@^0.4.0" args=["grunt-contrib-htmlmin@^0.4.0",null]
82 verbose parsed url { protocol: null,
82 verbose parsed url   slashes: null,
82 verbose parsed url   auth: null,
82 verbose parsed url   host: null,
82 verbose parsed url   port: null,
82 verbose parsed url   hostname: null,
82 verbose parsed url   hash: null,
82 verbose parsed url   search: null,
82 verbose parsed url   query: null,
82 verbose parsed url   pathname: 'grunt-contrib-htmlmin@^0.4.0',
82 verbose parsed url   path: 'grunt-contrib-htmlmin@^0.4.0',
82 verbose parsed url   href: 'grunt-contrib-htmlmin@^0.4.0' }
83 verbose cache add name="grunt-contrib-htmlmin" spec="^0.4.0" args=["grunt-contrib-htmlmin","^0.4.0"]
84 verbose parsed url { protocol: null,
84 verbose parsed url   slashes: null,
84 verbose parsed url   auth: null,
84 verbose parsed url   host: null,
84 verbose parsed url   port: null,
84 verbose parsed url   hostname: null,
84 verbose parsed url   hash: null,
84 verbose parsed url   search: null,
84 verbose parsed url   query: null,
84 verbose parsed url   pathname: '^0.4.0',
84 verbose parsed url   path: '^0.4.0',
84 verbose parsed url   href: '^0.4.0' }
85 verbose addNamed [ 'grunt-contrib-htmlmin', '^0.4.0' ]
86 verbose addNamed [ null, '>=0.4.0-0 <0.5.0-0' ]
87 silly lockFile 125176d8-grunt-contrib-htmlmin-0-4-0 grunt-contrib-htmlmin@^0.4.0
88 verbose lock grunt-contrib-htmlmin@^0.4.0 /home/zieghailo/.npm/125176d8-grunt-contrib-htmlmin-0-4-0.lock
89 silly addNameRange { name: 'grunt-concurrent',
89 silly addNameRange   range: '>=1.0.0-0 <2.0.0-0',
89 silly addNameRange   hasData: false }
90 silly addNameRange { name: 'grunt', range: '>=0.4.5-0 <0.5.0-0', hasData: false }
91 silly addNameRange { name: 'grunt-autoprefixer',
91 silly addNameRange   range: '>=2.0.0-0 <3.0.0-0',
91 silly addNameRange   hasData: false }
92 silly addNameRange { name: 'grunt-contrib-clean',
92 silly addNameRange   range: '>=0.6.0-0 <0.7.0-0',
92 silly addNameRange   hasData: false }
93 silly addNameRange { name: 'grunt-contrib-concat',
93 silly addNameRange   range: '>=0.5.0-0 <0.6.0-0',
93 silly addNameRange   hasData: false }
94 silly addNameRange { name: 'grunt-contrib-connect',
94 silly addNameRange   range: '>=0.9.0-0 <0.10.0-0',
94 silly addNameRange   hasData: false }
95 verbose cache add [ 'grunt-contrib-imagemin@^0.9.2', null ]
96 verbose cache add name=undefined spec="grunt-contrib-imagemin@^0.9.2" args=["grunt-contrib-imagemin@^0.9.2",null]
97 verbose parsed url { protocol: null,
97 verbose parsed url   slashes: null,
97 verbose parsed url   auth: null,
97 verbose parsed url   host: null,
97 verbose parsed url   port: null,
97 verbose parsed url   hostname: null,
97 verbose parsed url   hash: null,
97 verbose parsed url   search: null,
97 verbose parsed url   query: null,
97 verbose parsed url   pathname: 'grunt-contrib-imagemin@^0.9.2',
97 verbose parsed url   path: 'grunt-contrib-imagemin@^0.9.2',
97 verbose parsed url   href: 'grunt-contrib-imagemin@^0.9.2' }
98 verbose cache add name="grunt-contrib-imagemin" spec="^0.9.2" args=["grunt-contrib-imagemin","^0.9.2"]
99 verbose parsed url { protocol: null,
99 verbose parsed url   slashes: null,
99 verbose parsed url   auth: null,
99 verbose parsed url   host: null,
99 verbose parsed url   port: null,
99 verbose parsed url   hostname: null,
99 verbose parsed url   hash: null,
99 verbose parsed url   search: null,
99 verbose parsed url   query: null,
99 verbose parsed url   pathname: '^0.9.2',
99 verbose parsed url   path: '^0.9.2',
99 verbose parsed url   href: '^0.9.2' }
100 verbose addNamed [ 'grunt-contrib-imagemin', '^0.9.2' ]
101 verbose addNamed [ null, '>=0.9.2-0 <0.10.0-0' ]
102 silly lockFile 4b6a5e1f-grunt-contrib-imagemin-0-9-2 grunt-contrib-imagemin@^0.9.2
103 verbose lock grunt-contrib-imagemin@^0.9.2 /home/zieghailo/.npm/4b6a5e1f-grunt-contrib-imagemin-0-9-2.lock
104 verbose cache add [ 'grunt-contrib-jshint@^0.11.0', null ]
105 verbose cache add name=undefined spec="grunt-contrib-jshint@^0.11.0" args=["grunt-contrib-jshint@^0.11.0",null]
106 verbose parsed url { protocol: null,
106 verbose parsed url   slashes: null,
106 verbose parsed url   auth: null,
106 verbose parsed url   host: null,
106 verbose parsed url   port: null,
106 verbose parsed url   hostname: null,
106 verbose parsed url   hash: null,
106 verbose parsed url   search: null,
106 verbose parsed url   query: null,
106 verbose parsed url   pathname: 'grunt-contrib-jshint@^0.11.0',
106 verbose parsed url   path: 'grunt-contrib-jshint@^0.11.0',
106 verbose parsed url   href: 'grunt-contrib-jshint@^0.11.0' }
107 verbose cache add name="grunt-contrib-jshint" spec="^0.11.0" args=["grunt-contrib-jshint","^0.11.0"]
108 verbose parsed url { protocol: null,
108 verbose parsed url   slashes: null,
108 verbose parsed url   auth: null,
108 verbose parsed url   host: null,
108 verbose parsed url   port: null,
108 verbose parsed url   hostname: null,
108 verbose parsed url   hash: null,
108 verbose parsed url   search: null,
108 verbose parsed url   query: null,
108 verbose parsed url   pathname: '^0.11.0',
108 verbose parsed url   path: '^0.11.0',
108 verbose parsed url   href: '^0.11.0' }
109 verbose addNamed [ 'grunt-contrib-jshint', '^0.11.0' ]
110 verbose addNamed [ null, '>=0.11.0-0 <0.12.0-0' ]
111 silly lockFile 5782cb4c-grunt-contrib-jshint-0-11-0 grunt-contrib-jshint@^0.11.0
112 verbose lock grunt-contrib-jshint@^0.11.0 /home/zieghailo/.npm/5782cb4c-grunt-contrib-jshint-0-11-0.lock
113 verbose cache add [ 'grunt-contrib-uglify@^0.7.0', null ]
114 verbose cache add name=undefined spec="grunt-contrib-uglify@^0.7.0" args=["grunt-contrib-uglify@^0.7.0",null]
115 verbose parsed url { protocol: null,
115 verbose parsed url   slashes: null,
115 verbose parsed url   auth: null,
115 verbose parsed url   host: null,
115 verbose parsed url   port: null,
115 verbose parsed url   hostname: null,
115 verbose parsed url   hash: null,
115 verbose parsed url   search: null,
115 verbose parsed url   query: null,
115 verbose parsed url   pathname: 'grunt-contrib-uglify@^0.7.0',
115 verbose parsed url   path: 'grunt-contrib-uglify@^0.7.0',
115 verbose parsed url   href: 'grunt-contrib-uglify@^0.7.0' }
116 verbose cache add name="grunt-contrib-uglify" spec="^0.7.0" args=["grunt-contrib-uglify","^0.7.0"]
117 verbose parsed url { protocol: null,
117 verbose parsed url   slashes: null,
117 verbose parsed url   auth: null,
117 verbose parsed url   host: null,
117 verbose parsed url   port: null,
117 verbose parsed url   hostname: null,
117 verbose parsed url   hash: null,
117 verbose parsed url   search: null,
117 verbose parsed url   query: null,
117 verbose parsed url   pathname: '^0.7.0',
117 verbose parsed url   path: '^0.7.0',
117 verbose parsed url   href: '^0.7.0' }
118 verbose addNamed [ 'grunt-contrib-uglify', '^0.7.0' ]
119 verbose addNamed [ null, '>=0.7.0-0 <0.8.0-0' ]
120 silly lockFile 305ef1bc-grunt-contrib-uglify-0-7-0 grunt-contrib-uglify@^0.7.0
121 verbose lock grunt-contrib-uglify@^0.7.0 /home/zieghailo/.npm/305ef1bc-grunt-contrib-uglify-0-7-0.lock
122 silly addNameRange { name: 'grunt-contrib-copy',
122 silly addNameRange   range: '>=0.7.0-0 <0.8.0-0',
122 silly addNameRange   hasData: false }
123 silly addNameRange { name: 'grunt-contrib-cssmin',
123 silly addNameRange   range: '>=0.12.0-0 <0.13.0-0',
123 silly addNameRange   hasData: false }
124 verbose cache add [ 'grunt-contrib-watch@^0.6.1', null ]
125 verbose cache add name=undefined spec="grunt-contrib-watch@^0.6.1" args=["grunt-contrib-watch@^0.6.1",null]
126 verbose parsed url { protocol: null,
126 verbose parsed url   slashes: null,
126 verbose parsed url   auth: null,
126 verbose parsed url   host: null,
126 verbose parsed url   port: null,
126 verbose parsed url   hostname: null,
126 verbose parsed url   hash: null,
126 verbose parsed url   search: null,
126 verbose parsed url   query: null,
126 verbose parsed url   pathname: 'grunt-contrib-watch@^0.6.1',
126 verbose parsed url   path: 'grunt-contrib-watch@^0.6.1',
126 verbose parsed url   href: 'grunt-contrib-watch@^0.6.1' }
127 verbose cache add name="grunt-contrib-watch" spec="^0.6.1" args=["grunt-contrib-watch","^0.6.1"]
128 verbose parsed url { protocol: null,
128 verbose parsed url   slashes: null,
128 verbose parsed url   auth: null,
128 verbose parsed url   host: null,
128 verbose parsed url   port: null,
128 verbose parsed url   hostname: null,
128 verbose parsed url   hash: null,
128 verbose parsed url   search: null,
128 verbose parsed url   query: null,
128 verbose parsed url   pathname: '^0.6.1',
128 verbose parsed url   path: '^0.6.1',
128 verbose parsed url   href: '^0.6.1' }
129 verbose addNamed [ 'grunt-contrib-watch', '^0.6.1' ]
130 verbose addNamed [ null, '>=0.6.1-0 <0.7.0-0' ]
131 silly lockFile 224b1ece-grunt-contrib-watch-0-6-1 grunt-contrib-watch@^0.6.1
132 verbose lock grunt-contrib-watch@^0.6.1 /home/zieghailo/.npm/224b1ece-grunt-contrib-watch-0-6-1.lock
133 verbose cache add [ 'grunt-filerev@^2.1.2', null ]
134 verbose cache add name=undefined spec="grunt-filerev@^2.1.2" args=["grunt-filerev@^2.1.2",null]
135 verbose parsed url { protocol: null,
135 verbose parsed url   slashes: null,
135 verbose parsed url   auth: null,
135 verbose parsed url   host: null,
135 verbose parsed url   port: null,
135 verbose parsed url   hostname: null,
135 verbose parsed url   hash: null,
135 verbose parsed url   search: null,
135 verbose parsed url   query: null,
135 verbose parsed url   pathname: 'grunt-filerev@^2.1.2',
135 verbose parsed url   path: 'grunt-filerev@^2.1.2',
135 verbose parsed url   href: 'grunt-filerev@^2.1.2' }
136 verbose cache add name="grunt-filerev" spec="^2.1.2" args=["grunt-filerev","^2.1.2"]
137 verbose parsed url { protocol: null,
137 verbose parsed url   slashes: null,
137 verbose parsed url   auth: null,
137 verbose parsed url   host: null,
137 verbose parsed url   port: null,
137 verbose parsed url   hostname: null,
137 verbose parsed url   hash: null,
137 verbose parsed url   search: null,
137 verbose parsed url   query: null,
137 verbose parsed url   pathname: '^2.1.2',
137 verbose parsed url   path: '^2.1.2',
137 verbose parsed url   href: '^2.1.2' }
138 verbose addNamed [ 'grunt-filerev', '^2.1.2' ]
139 verbose addNamed [ null, '>=2.1.2-0 <3.0.0-0' ]
140 silly lockFile c590b3c8-grunt-filerev-2-1-2 grunt-filerev@^2.1.2
141 verbose lock grunt-filerev@^2.1.2 /home/zieghailo/.npm/c590b3c8-grunt-filerev-2-1-2.lock
142 verbose cache add [ 'grunt-google-cdn@^0.4.3', null ]
143 verbose cache add name=undefined spec="grunt-google-cdn@^0.4.3" args=["grunt-google-cdn@^0.4.3",null]
144 verbose parsed url { protocol: null,
144 verbose parsed url   slashes: null,
144 verbose parsed url   auth: null,
144 verbose parsed url   host: null,
144 verbose parsed url   port: null,
144 verbose parsed url   hostname: null,
144 verbose parsed url   hash: null,
144 verbose parsed url   search: null,
144 verbose parsed url   query: null,
144 verbose parsed url   pathname: 'grunt-google-cdn@^0.4.3',
144 verbose parsed url   path: 'grunt-google-cdn@^0.4.3',
144 verbose parsed url   href: 'grunt-google-cdn@^0.4.3' }
145 verbose cache add name="grunt-google-cdn" spec="^0.4.3" args=["grunt-google-cdn","^0.4.3"]
146 verbose parsed url { protocol: null,
146 verbose parsed url   slashes: null,
146 verbose parsed url   auth: null,
146 verbose parsed url   host: null,
146 verbose parsed url   port: null,
146 verbose parsed url   hostname: null,
146 verbose parsed url   hash: null,
146 verbose parsed url   search: null,
146 verbose parsed url   query: null,
146 verbose parsed url   pathname: '^0.4.3',
146 verbose parsed url   path: '^0.4.3',
146 verbose parsed url   href: '^0.4.3' }
147 verbose addNamed [ 'grunt-google-cdn', '^0.4.3' ]
148 verbose addNamed [ null, '>=0.4.3-0 <0.5.0-0' ]
149 silly lockFile 99bf181c-grunt-google-cdn-0-4-3 grunt-google-cdn@^0.4.3
150 verbose lock grunt-google-cdn@^0.4.3 /home/zieghailo/.npm/99bf181c-grunt-google-cdn-0-4-3.lock
151 silly addNameRange { name: 'grunt-contrib-htmlmin',
151 silly addNameRange   range: '>=0.4.0-0 <0.5.0-0',
151 silly addNameRange   hasData: false }
152 silly addNameRange { name: 'grunt-contrib-imagemin',
152 silly addNameRange   range: '>=0.9.2-0 <0.10.0-0',
152 silly addNameRange   hasData: false }
153 silly addNameRange { name: 'grunt-contrib-jshint',
153 silly addNameRange   range: '>=0.11.0-0 <0.12.0-0',
153 silly addNameRange   hasData: false }
154 verbose cache add [ 'grunt-karma@*', null ]
155 verbose cache add name=undefined spec="grunt-karma@*" args=["grunt-karma@*",null]
156 verbose parsed url { protocol: null,
156 verbose parsed url   slashes: null,
156 verbose parsed url   auth: null,
156 verbose parsed url   host: null,
156 verbose parsed url   port: null,
156 verbose parsed url   hostname: null,
156 verbose parsed url   hash: null,
156 verbose parsed url   search: null,
156 verbose parsed url   query: null,
156 verbose parsed url   pathname: 'grunt-karma@*',
156 verbose parsed url   path: 'grunt-karma@*',
156 verbose parsed url   href: 'grunt-karma@*' }
157 verbose cache add name="grunt-karma" spec="*" args=["grunt-karma","*"]
158 verbose parsed url { protocol: null,
158 verbose parsed url   slashes: null,
158 verbose parsed url   auth: null,
158 verbose parsed url   host: null,
158 verbose parsed url   port: null,
158 verbose parsed url   hostname: null,
158 verbose parsed url   hash: null,
158 verbose parsed url   search: null,
158 verbose parsed url   query: null,
158 verbose parsed url   pathname: '*',
158 verbose parsed url   path: '*',
158 verbose parsed url   href: '*' }
159 verbose addNamed [ 'grunt-karma', '*' ]
160 verbose addNamed [ null, '*' ]
161 silly lockFile d433d904-grunt-karma grunt-karma@*
162 verbose lock grunt-karma@* /home/zieghailo/.npm/d433d904-grunt-karma.lock
163 verbose cache add [ 'grunt-newer@^1.1.0', null ]
164 verbose cache add name=undefined spec="grunt-newer@^1.1.0" args=["grunt-newer@^1.1.0",null]
165 verbose parsed url { protocol: null,
165 verbose parsed url   slashes: null,
165 verbose parsed url   auth: null,
165 verbose parsed url   host: null,
165 verbose parsed url   port: null,
165 verbose parsed url   hostname: null,
165 verbose parsed url   hash: null,
165 verbose parsed url   search: null,
165 verbose parsed url   query: null,
165 verbose parsed url   pathname: 'grunt-newer@^1.1.0',
165 verbose parsed url   path: 'grunt-newer@^1.1.0',
165 verbose parsed url   href: 'grunt-newer@^1.1.0' }
166 verbose cache add name="grunt-newer" spec="^1.1.0" args=["grunt-newer","^1.1.0"]
167 verbose parsed url { protocol: null,
167 verbose parsed url   slashes: null,
167 verbose parsed url   auth: null,
167 verbose parsed url   host: null,
167 verbose parsed url   port: null,
167 verbose parsed url   hostname: null,
167 verbose parsed url   hash: null,
167 verbose parsed url   search: null,
167 verbose parsed url   query: null,
167 verbose parsed url   pathname: '^1.1.0',
167 verbose parsed url   path: '^1.1.0',
167 verbose parsed url   href: '^1.1.0' }
168 verbose addNamed [ 'grunt-newer', '^1.1.0' ]
169 verbose addNamed [ null, '>=1.1.0-0 <2.0.0-0' ]
170 silly lockFile 333fcb72-grunt-newer-1-1-0 grunt-newer@^1.1.0
171 verbose lock grunt-newer@^1.1.0 /home/zieghailo/.npm/333fcb72-grunt-newer-1-1-0.lock
172 silly addNameRange { name: 'grunt-contrib-uglify',
172 silly addNameRange   range: '>=0.7.0-0 <0.8.0-0',
172 silly addNameRange   hasData: false }
173 silly addNameRange { name: 'grunt-contrib-watch',
173 silly addNameRange   range: '>=0.6.1-0 <0.7.0-0',
173 silly addNameRange   hasData: false }
174 silly addNameRange { name: 'grunt-filerev',
174 silly addNameRange   range: '>=2.1.2-0 <3.0.0-0',
174 silly addNameRange   hasData: false }
175 verbose cache add [ 'grunt-ng-annotate@^0.9.2', null ]
176 verbose cache add name=undefined spec="grunt-ng-annotate@^0.9.2" args=["grunt-ng-annotate@^0.9.2",null]
177 verbose parsed url { protocol: null,
177 verbose parsed url   slashes: null,
177 verbose parsed url   auth: null,
177 verbose parsed url   host: null,
177 verbose parsed url   port: null,
177 verbose parsed url   hostname: null,
177 verbose parsed url   hash: null,
177 verbose parsed url   search: null,
177 verbose parsed url   query: null,
177 verbose parsed url   pathname: 'grunt-ng-annotate@^0.9.2',
177 verbose parsed url   path: 'grunt-ng-annotate@^0.9.2',
177 verbose parsed url   href: 'grunt-ng-annotate@^0.9.2' }
178 verbose cache add name="grunt-ng-annotate" spec="^0.9.2" args=["grunt-ng-annotate","^0.9.2"]
179 verbose parsed url { protocol: null,
179 verbose parsed url   slashes: null,
179 verbose parsed url   auth: null,
179 verbose parsed url   host: null,
179 verbose parsed url   port: null,
179 verbose parsed url   hostname: null,
179 verbose parsed url   hash: null,
179 verbose parsed url   search: null,
179 verbose parsed url   query: null,
179 verbose parsed url   pathname: '^0.9.2',
179 verbose parsed url   path: '^0.9.2',
179 verbose parsed url   href: '^0.9.2' }
180 verbose addNamed [ 'grunt-ng-annotate', '^0.9.2' ]
181 verbose addNamed [ null, '>=0.9.2-0 <0.10.0-0' ]
182 silly lockFile 324c6ebb-grunt-ng-annotate-0-9-2 grunt-ng-annotate@^0.9.2
183 verbose lock grunt-ng-annotate@^0.9.2 /home/zieghailo/.npm/324c6ebb-grunt-ng-annotate-0-9-2.lock
184 verbose cache add [ 'grunt-svgmin@^2.0.0', null ]
185 verbose cache add name=undefined spec="grunt-svgmin@^2.0.0" args=["grunt-svgmin@^2.0.0",null]
186 verbose parsed url { protocol: null,
186 verbose parsed url   slashes: null,
186 verbose parsed url   auth: null,
186 verbose parsed url   host: null,
186 verbose parsed url   port: null,
186 verbose parsed url   hostname: null,
186 verbose parsed url   hash: null,
186 verbose parsed url   search: null,
186 verbose parsed url   query: null,
186 verbose parsed url   pathname: 'grunt-svgmin@^2.0.0',
186 verbose parsed url   path: 'grunt-svgmin@^2.0.0',
186 verbose parsed url   href: 'grunt-svgmin@^2.0.0' }
187 verbose cache add name="grunt-svgmin" spec="^2.0.0" args=["grunt-svgmin","^2.0.0"]
188 verbose parsed url { protocol: null,
188 verbose parsed url   slashes: null,
188 verbose parsed url   auth: null,
188 verbose parsed url   host: null,
188 verbose parsed url   port: null,
188 verbose parsed url   hostname: null,
188 verbose parsed url   hash: null,
188 verbose parsed url   search: null,
188 verbose parsed url   query: null,
188 verbose parsed url   pathname: '^2.0.0',
188 verbose parsed url   path: '^2.0.0',
188 verbose parsed url   href: '^2.0.0' }
189 verbose addNamed [ 'grunt-svgmin', '^2.0.0' ]
190 verbose addNamed [ null, '>=2.0.0-0 <3.0.0-0' ]
191 silly lockFile 14706f94-grunt-svgmin-2-0-0 grunt-svgmin@^2.0.0
192 verbose lock grunt-svgmin@^2.0.0 /home/zieghailo/.npm/14706f94-grunt-svgmin-2-0-0.lock
193 verbose cache add [ 'grunt-usemin@^3.0.0', null ]
194 verbose cache add name=undefined spec="grunt-usemin@^3.0.0" args=["grunt-usemin@^3.0.0",null]
195 verbose parsed url { protocol: null,
195 verbose parsed url   slashes: null,
195 verbose parsed url   auth: null,
195 verbose parsed url   host: null,
195 verbose parsed url   port: null,
195 verbose parsed url   hostname: null,
195 verbose parsed url   hash: null,
195 verbose parsed url   search: null,
195 verbose parsed url   query: null,
195 verbose parsed url   pathname: 'grunt-usemin@^3.0.0',
195 verbose parsed url   path: 'grunt-usemin@^3.0.0',
195 verbose parsed url   href: 'grunt-usemin@^3.0.0' }
196 verbose cache add name="grunt-usemin" spec="^3.0.0" args=["grunt-usemin","^3.0.0"]
197 verbose parsed url { protocol: null,
197 verbose parsed url   slashes: null,
197 verbose parsed url   auth: null,
197 verbose parsed url   host: null,
197 verbose parsed url   port: null,
197 verbose parsed url   hostname: null,
197 verbose parsed url   hash: null,
197 verbose parsed url   search: null,
197 verbose parsed url   query: null,
197 verbose parsed url   pathname: '^3.0.0',
197 verbose parsed url   path: '^3.0.0',
197 verbose parsed url   href: '^3.0.0' }
198 verbose addNamed [ 'grunt-usemin', '^3.0.0' ]
199 verbose addNamed [ null, '>=3.0.0-0 <4.0.0-0' ]
200 silly lockFile 5cb00507-grunt-usemin-3-0-0 grunt-usemin@^3.0.0
201 verbose lock grunt-usemin@^3.0.0 /home/zieghailo/.npm/5cb00507-grunt-usemin-3-0-0.lock
202 verbose cache add [ 'grunt-wiredep@^2.0.0', null ]
203 verbose cache add name=undefined spec="grunt-wiredep@^2.0.0" args=["grunt-wiredep@^2.0.0",null]
204 verbose parsed url { protocol: null,
204 verbose parsed url   slashes: null,
204 verbose parsed url   auth: null,
204 verbose parsed url   host: null,
204 verbose parsed url   port: null,
204 verbose parsed url   hostname: null,
204 verbose parsed url   hash: null,
204 verbose parsed url   search: null,
204 verbose parsed url   query: null,
204 verbose parsed url   pathname: 'grunt-wiredep@^2.0.0',
204 verbose parsed url   path: 'grunt-wiredep@^2.0.0',
204 verbose parsed url   href: 'grunt-wiredep@^2.0.0' }
205 verbose cache add name="grunt-wiredep" spec="^2.0.0" args=["grunt-wiredep","^2.0.0"]
206 verbose parsed url { protocol: null,
206 verbose parsed url   slashes: null,
206 verbose parsed url   auth: null,
206 verbose parsed url   host: null,
206 verbose parsed url   port: null,
206 verbose parsed url   hostname: null,
206 verbose parsed url   hash: null,
206 verbose parsed url   search: null,
206 verbose parsed url   query: null,
206 verbose parsed url   pathname: '^2.0.0',
206 verbose parsed url   path: '^2.0.0',
206 verbose parsed url   href: '^2.0.0' }
207 verbose addNamed [ 'grunt-wiredep', '^2.0.0' ]
208 verbose addNamed [ null, '>=2.0.0-0 <3.0.0-0' ]
209 silly lockFile fa324219-grunt-wiredep-2-0-0 grunt-wiredep@^2.0.0
210 verbose lock grunt-wiredep@^2.0.0 /home/zieghailo/.npm/fa324219-grunt-wiredep-2-0-0.lock
211 silly addNameRange { name: 'grunt-google-cdn',
211 silly addNameRange   range: '>=0.4.3-0 <0.5.0-0',
211 silly addNameRange   hasData: false }
212 silly addNameRange { name: 'grunt-karma', range: '*', hasData: false }
213 verbose cache add [ 'jshint-stylish@^1.0.0', null ]
214 verbose cache add name=undefined spec="jshint-stylish@^1.0.0" args=["jshint-stylish@^1.0.0",null]
215 verbose parsed url { protocol: null,
215 verbose parsed url   slashes: null,
215 verbose parsed url   auth: null,
215 verbose parsed url   host: null,
215 verbose parsed url   port: null,
215 verbose parsed url   hostname: null,
215 verbose parsed url   hash: null,
215 verbose parsed url   search: null,
215 verbose parsed url   query: null,
215 verbose parsed url   pathname: 'jshint-stylish@^1.0.0',
215 verbose parsed url   path: 'jshint-stylish@^1.0.0',
215 verbose parsed url   href: 'jshint-stylish@^1.0.0' }
216 verbose cache add name="jshint-stylish" spec="^1.0.0" args=["jshint-stylish","^1.0.0"]
217 verbose parsed url { protocol: null,
217 verbose parsed url   slashes: null,
217 verbose parsed url   auth: null,
217 verbose parsed url   host: null,
217 verbose parsed url   port: null,
217 verbose parsed url   hostname: null,
217 verbose parsed url   hash: null,
217 verbose parsed url   search: null,
217 verbose parsed url   query: null,
217 verbose parsed url   pathname: '^1.0.0',
217 verbose parsed url   path: '^1.0.0',
217 verbose parsed url   href: '^1.0.0' }
218 verbose addNamed [ 'jshint-stylish', '^1.0.0' ]
219 verbose addNamed [ null, '>=1.0.0-0 <2.0.0-0' ]
220 silly lockFile 522e2e8d-jshint-stylish-1-0-0 jshint-stylish@^1.0.0
221 verbose lock jshint-stylish@^1.0.0 /home/zieghailo/.npm/522e2e8d-jshint-stylish-1-0-0.lock
222 verbose cache add [ 'karma-jasmine@*', null ]
223 verbose cache add name=undefined spec="karma-jasmine@*" args=["karma-jasmine@*",null]
224 verbose parsed url { protocol: null,
224 verbose parsed url   slashes: null,
224 verbose parsed url   auth: null,
224 verbose parsed url   host: null,
224 verbose parsed url   port: null,
224 verbose parsed url   hostname: null,
224 verbose parsed url   hash: null,
224 verbose parsed url   search: null,
224 verbose parsed url   query: null,
224 verbose parsed url   pathname: 'karma-jasmine@*',
224 verbose parsed url   path: 'karma-jasmine@*',
224 verbose parsed url   href: 'karma-jasmine@*' }
225 verbose cache add name="karma-jasmine" spec="*" args=["karma-jasmine","*"]
226 verbose parsed url { protocol: null,
226 verbose parsed url   slashes: null,
226 verbose parsed url   auth: null,
226 verbose parsed url   host: null,
226 verbose parsed url   port: null,
226 verbose parsed url   hostname: null,
226 verbose parsed url   hash: null,
226 verbose parsed url   search: null,
226 verbose parsed url   query: null,
226 verbose parsed url   pathname: '*',
226 verbose parsed url   path: '*',
226 verbose parsed url   href: '*' }
227 verbose addNamed [ 'karma-jasmine', '*' ]
228 verbose addNamed [ null, '*' ]
229 silly lockFile c11103b7-karma-jasmine karma-jasmine@*
230 verbose lock karma-jasmine@* /home/zieghailo/.npm/c11103b7-karma-jasmine.lock
231 silly addNameRange { name: 'grunt-newer',
231 silly addNameRange   range: '>=1.1.0-0 <2.0.0-0',
231 silly addNameRange   hasData: false }
232 verbose url raw grunt-concurrent
233 verbose url resolving [ 'https://registry.npmjs.org/', './grunt-concurrent' ]
234 verbose url resolved https://registry.npmjs.org/grunt-concurrent
235 info trying registry request attempt 1 at 01:32:09
236 verbose etag "7W68BYTERX73MK76L0ED0OGQB"
237 http GET https://registry.npmjs.org/grunt-concurrent
238 verbose url raw grunt-contrib-clean
239 verbose url resolving [ 'https://registry.npmjs.org/', './grunt-contrib-clean' ]
240 verbose url resolved https://registry.npmjs.org/grunt-contrib-clean
241 info trying registry request attempt 1 at 01:32:09
242 verbose etag "F55J1LDUY2657CRQLBGZSVZEN"
243 http GET https://registry.npmjs.org/grunt-contrib-clean
244 verbose url raw grunt
245 verbose url resolving [ 'https://registry.npmjs.org/', './grunt' ]
246 verbose url resolved https://registry.npmjs.org/grunt
247 info trying registry request attempt 1 at 01:32:09
248 verbose etag "EDMAN2U1B2VA89J9J6QK4NM65"
249 http GET https://registry.npmjs.org/grunt
250 verbose url raw grunt-autoprefixer
251 verbose url resolving [ 'https://registry.npmjs.org/', './grunt-autoprefixer' ]
252 verbose url resolved https://registry.npmjs.org/grunt-autoprefixer
253 info trying registry request attempt 1 at 01:32:09
254 verbose etag "EX4GAYBGHRW7I7HGMDYSP9S9I"
255 http GET https://registry.npmjs.org/grunt-autoprefixer
256 verbose url raw grunt-contrib-concat
257 verbose url resolving [ 'https://registry.npmjs.org/', './grunt-contrib-concat' ]
258 verbose url resolved https://registry.npmjs.org/grunt-contrib-concat
259 info trying registry request attempt 1 at 01:32:09
260 verbose etag "SP5Z5SEZJP5Z06NGQ5SZX6BX"
261 http GET https://registry.npmjs.org/grunt-contrib-concat
262 verbose url raw grunt-contrib-connect
263 verbose url resolving [ 'https://registry.npmjs.org/', './grunt-contrib-connect' ]
264 verbose url resolved https://registry.npmjs.org/grunt-contrib-connect
265 info trying registry request attempt 1 at 01:32:09
266 verbose etag "8E3VUKD4SQUYG7XMNV63OJ0W8"
267 http GET https://registry.npmjs.org/grunt-contrib-connect
268 verbose url raw grunt-karma
269 verbose url resolving [ 'https://registry.npmjs.org/', './grunt-karma' ]
270 verbose url resolved https://registry.npmjs.org/grunt-karma
271 info trying registry request attempt 1 at 01:32:09
272 http GET https://registry.npmjs.org/grunt-karma
273 silly addNameRange { name: 'grunt-ng-annotate',
273 silly addNameRange   range: '>=0.9.2-0 <0.10.0-0',
273 silly addNameRange   hasData: false }
274 silly addNameRange { name: 'grunt-svgmin',
274 silly addNameRange   range: '>=2.0.0-0 <3.0.0-0',
274 silly addNameRange   hasData: false }
275 silly addNameRange { name: 'grunt-usemin',
275 silly addNameRange   range: '>=3.0.0-0 <4.0.0-0',
275 silly addNameRange   hasData: false }
276 verbose cache add [ 'karma-phantomjs-launcher@*', null ]
277 verbose cache add name=undefined spec="karma-phantomjs-launcher@*" args=["karma-phantomjs-launcher@*",null]
278 verbose parsed url { protocol: null,
278 verbose parsed url   slashes: null,
278 verbose parsed url   auth: null,
278 verbose parsed url   host: null,
278 verbose parsed url   port: null,
278 verbose parsed url   hostname: null,
278 verbose parsed url   hash: null,
278 verbose parsed url   search: null,
278 verbose parsed url   query: null,
278 verbose parsed url   pathname: 'karma-phantomjs-launcher@*',
278 verbose parsed url   path: 'karma-phantomjs-launcher@*',
278 verbose parsed url   href: 'karma-phantomjs-launcher@*' }
279 verbose cache add name="karma-phantomjs-launcher" spec="*" args=["karma-phantomjs-launcher","*"]
280 verbose parsed url { protocol: null,
280 verbose parsed url   slashes: null,
280 verbose parsed url   auth: null,
280 verbose parsed url   host: null,
280 verbose parsed url   port: null,
280 verbose parsed url   hostname: null,
280 verbose parsed url   hash: null,
280 verbose parsed url   search: null,
280 verbose parsed url   query: null,
280 verbose parsed url   pathname: '*',
280 verbose parsed url   path: '*',
280 verbose parsed url   href: '*' }
281 verbose addNamed [ 'karma-phantomjs-launcher', '*' ]
282 verbose addNamed [ null, '*' ]
283 silly lockFile eb87fc55-karma-phantomjs-launcher karma-phantomjs-launcher@*
284 verbose lock karma-phantomjs-launcher@* /home/zieghailo/.npm/eb87fc55-karma-phantomjs-launcher.lock
285 verbose cache add [ 'load-grunt-tasks@^3.1.0', null ]
286 verbose cache add name=undefined spec="load-grunt-tasks@^3.1.0" args=["load-grunt-tasks@^3.1.0",null]
287 verbose parsed url { protocol: null,
287 verbose parsed url   slashes: null,
287 verbose parsed url   auth: null,
287 verbose parsed url   host: null,
287 verbose parsed url   port: null,
287 verbose parsed url   hostname: null,
287 verbose parsed url   hash: null,
287 verbose parsed url   search: null,
287 verbose parsed url   query: null,
287 verbose parsed url   pathname: 'load-grunt-tasks@^3.1.0',
287 verbose parsed url   path: 'load-grunt-tasks@^3.1.0',
287 verbose parsed url   href: 'load-grunt-tasks@^3.1.0' }
288 verbose cache add name="load-grunt-tasks" spec="^3.1.0" args=["load-grunt-tasks","^3.1.0"]
289 verbose parsed url { protocol: null,
289 verbose parsed url   slashes: null,
289 verbose parsed url   auth: null,
289 verbose parsed url   host: null,
289 verbose parsed url   port: null,
289 verbose parsed url   hostname: null,
289 verbose parsed url   hash: null,
289 verbose parsed url   search: null,
289 verbose parsed url   query: null,
289 verbose parsed url   pathname: '^3.1.0',
289 verbose parsed url   path: '^3.1.0',
289 verbose parsed url   href: '^3.1.0' }
290 verbose addNamed [ 'load-grunt-tasks', '^3.1.0' ]
291 verbose addNamed [ null, '>=3.1.0-0 <4.0.0-0' ]
292 silly lockFile 244ddd56-load-grunt-tasks-3-1-0 load-grunt-tasks@^3.1.0
293 verbose lock load-grunt-tasks@^3.1.0 /home/zieghailo/.npm/244ddd56-load-grunt-tasks-3-1-0.lock
294 verbose cache add [ 'time-grunt@^1.0.0', null ]
295 verbose cache add name=undefined spec="time-grunt@^1.0.0" args=["time-grunt@^1.0.0",null]
296 verbose parsed url { protocol: null,
296 verbose parsed url   slashes: null,
296 verbose parsed url   auth: null,
296 verbose parsed url   host: null,
296 verbose parsed url   port: null,
296 verbose parsed url   hostname: null,
296 verbose parsed url   hash: null,
296 verbose parsed url   search: null,
296 verbose parsed url   query: null,
296 verbose parsed url   pathname: 'time-grunt@^1.0.0',
296 verbose parsed url   path: 'time-grunt@^1.0.0',
296 verbose parsed url   href: 'time-grunt@^1.0.0' }
297 verbose cache add name="time-grunt" spec="^1.0.0" args=["time-grunt","^1.0.0"]
298 verbose parsed url { protocol: null,
298 verbose parsed url   slashes: null,
298 verbose parsed url   auth: null,
298 verbose parsed url   host: null,
298 verbose parsed url   port: null,
298 verbose parsed url   hostname: null,
298 verbose parsed url   hash: null,
298 verbose parsed url   search: null,
298 verbose parsed url   query: null,
298 verbose parsed url   pathname: '^1.0.0',
298 verbose parsed url   path: '^1.0.0',
298 verbose parsed url   href: '^1.0.0' }
299 verbose addNamed [ 'time-grunt', '^1.0.0' ]
300 verbose addNamed [ null, '>=1.0.0-0 <2.0.0-0' ]
301 silly lockFile 5ddae01b-time-grunt-1-0-0 time-grunt@^1.0.0
302 verbose lock time-grunt@^1.0.0 /home/zieghailo/.npm/5ddae01b-time-grunt-1-0-0.lock
303 silly addNameRange { name: 'grunt-wiredep',
303 silly addNameRange   range: '>=2.0.0-0 <3.0.0-0',
303 silly addNameRange   hasData: false }
304 verbose url raw grunt-contrib-copy
305 verbose url resolving [ 'https://registry.npmjs.org/', './grunt-contrib-copy' ]
306 verbose url resolved https://registry.npmjs.org/grunt-contrib-copy
307 info trying registry request attempt 1 at 01:32:09
308 verbose etag "5EMLABWLELYT0VBJLJZ2TO3RT"
309 http GET https://registry.npmjs.org/grunt-contrib-copy
310 verbose url raw grunt-contrib-cssmin
311 verbose url resolving [ 'https://registry.npmjs.org/', './grunt-contrib-cssmin' ]
312 verbose url resolved https://registry.npmjs.org/grunt-contrib-cssmin
313 info trying registry request attempt 1 at 01:32:09
314 verbose etag "PWHXV48EPB3H4VH7K5SDAW8X"
315 http GET https://registry.npmjs.org/grunt-contrib-cssmin
316 silly addNameRange { name: 'jshint-stylish',
316 silly addNameRange   range: '>=1.0.0-0 <2.0.0-0',
316 silly addNameRange   hasData: false }
317 silly addNameRange { name: 'karma-jasmine', range: '*', hasData: false }
318 verbose url raw grunt-contrib-htmlmin
319 verbose url resolving [ 'https://registry.npmjs.org/', './grunt-contrib-htmlmin' ]
320 verbose url resolved https://registry.npmjs.org/grunt-contrib-htmlmin
321 info trying registry request attempt 1 at 01:32:09
322 verbose etag "6C9QF4P1JHF7KQ47WZ193VIC0"
323 http GET https://registry.npmjs.org/grunt-contrib-htmlmin
324 verbose url raw grunt-contrib-imagemin
325 verbose url resolving [ 'https://registry.npmjs.org/', './grunt-contrib-imagemin' ]
326 verbose url resolved https://registry.npmjs.org/grunt-contrib-imagemin
327 info trying registry request attempt 1 at 01:32:09
328 verbose etag "CB9R0N6JZOKSMW4YNS0OKQDDE"
329 http GET https://registry.npmjs.org/grunt-contrib-imagemin
330 verbose url raw grunt-contrib-jshint
331 verbose url resolving [ 'https://registry.npmjs.org/', './grunt-contrib-jshint' ]
332 verbose url resolved https://registry.npmjs.org/grunt-contrib-jshint
333 info trying registry request attempt 1 at 01:32:09
334 verbose etag "3UJE2O7NGEJQOYKOKOFCU4PBM"
335 http GET https://registry.npmjs.org/grunt-contrib-jshint
336 silly addNameRange { name: 'karma-phantomjs-launcher', range: '*', hasData: false }
337 silly addNameRange { name: 'load-grunt-tasks',
337 silly addNameRange   range: '>=3.1.0-0 <4.0.0-0',
337 silly addNameRange   hasData: false }
338 silly addNameRange { name: 'time-grunt',
338 silly addNameRange   range: '>=1.0.0-0 <2.0.0-0',
338 silly addNameRange   hasData: false }
339 verbose url raw karma-jasmine
340 verbose url resolving [ 'https://registry.npmjs.org/', './karma-jasmine' ]
341 verbose url resolved https://registry.npmjs.org/karma-jasmine
342 info trying registry request attempt 1 at 01:32:09
343 http GET https://registry.npmjs.org/karma-jasmine
344 verbose registry.get grunt-contrib-uglify not expired, no request
345 silly addNameRange number 2 { name: 'grunt-contrib-uglify',
345 silly addNameRange   range: '>=0.7.0-0 <0.8.0-0',
345 silly addNameRange   hasData: true }
346 silly addNameRange versions [ 'grunt-contrib-uglify',
346 silly addNameRange   [ '0.1.0',
346 silly addNameRange     '0.1.1',
346 silly addNameRange     '0.1.2',
346 silly addNameRange     '0.2.0',
346 silly addNameRange     '0.2.1',
346 silly addNameRange     '0.2.2',
346 silly addNameRange     '0.2.3',
346 silly addNameRange     '0.2.4',
346 silly addNameRange     '0.2.5',
346 silly addNameRange     '0.2.6',
346 silly addNameRange     '0.2.7',
346 silly addNameRange     '0.3.0',
346 silly addNameRange     '0.3.1',
346 silly addNameRange     '0.1.1-rc5',
346 silly addNameRange     '0.1.1-rc6',
346 silly addNameRange     '0.3.2',
346 silly addNameRange     '0.3.3',
346 silly addNameRange     '0.4.0',
346 silly addNameRange     '0.5.0',
346 silly addNameRange     '0.4.1',
346 silly addNameRange     '0.5.1',
346 silly addNameRange     '0.6.0',
346 silly addNameRange     '0.7.0',
346 silly addNameRange     '0.8.0',
346 silly addNameRange     '0.8.1',
346 silly addNameRange     '0.9.0',
346 silly addNameRange     '0.9.1' ] ]
347 verbose addNamed [ 'grunt-contrib-uglify', '0.7.0' ]
348 verbose addNamed [ '0.7.0', '0.7.0' ]
349 silly lockFile 0707808c-grunt-contrib-uglify-0-7-0 grunt-contrib-uglify@0.7.0
350 verbose lock grunt-contrib-uglify@0.7.0 /home/zieghailo/.npm/0707808c-grunt-contrib-uglify-0-7-0.lock
351 verbose url raw grunt-contrib-watch
352 verbose url resolving [ 'https://registry.npmjs.org/', './grunt-contrib-watch' ]
353 verbose url resolved https://registry.npmjs.org/grunt-contrib-watch
354 info trying registry request attempt 1 at 01:32:09
355 verbose etag "9HY7IUXDNTKPFFNF5LOJK4Y9S"
356 http GET https://registry.npmjs.org/grunt-contrib-watch
357 verbose url raw grunt-filerev
358 verbose url resolving [ 'https://registry.npmjs.org/', './grunt-filerev' ]
359 verbose url resolved https://registry.npmjs.org/grunt-filerev
360 info trying registry request attempt 1 at 01:32:09
361 verbose etag "A3KP34U5UXIHCRAMZSLRL05CW"
362 http GET https://registry.npmjs.org/grunt-filerev
363 verbose url raw karma-phantomjs-launcher
364 verbose url resolving [ 'https://registry.npmjs.org/', './karma-phantomjs-launcher' ]
365 verbose url resolved https://registry.npmjs.org/karma-phantomjs-launcher
366 info trying registry request attempt 1 at 01:32:09
367 http GET https://registry.npmjs.org/karma-phantomjs-launcher
368 verbose url raw grunt-google-cdn
369 verbose url resolving [ 'https://registry.npmjs.org/', './grunt-google-cdn' ]
370 verbose url resolved https://registry.npmjs.org/grunt-google-cdn
371 info trying registry request attempt 1 at 01:32:09
372 verbose etag "98AMV143LFZ81CXMJP6SGCNQT"
373 http GET https://registry.npmjs.org/grunt-google-cdn
374 verbose url raw grunt-newer
375 verbose url resolving [ 'https://registry.npmjs.org/', './grunt-newer' ]
376 verbose url resolved https://registry.npmjs.org/grunt-newer
377 info trying registry request attempt 1 at 01:32:09
378 verbose etag "DAMRCCGEU43MHUWZ7KUQHH1K0"
379 http GET https://registry.npmjs.org/grunt-newer
380 verbose url raw grunt-ng-annotate
381 verbose url resolving [ 'https://registry.npmjs.org/', './grunt-ng-annotate' ]
382 verbose url resolved https://registry.npmjs.org/grunt-ng-annotate
383 info trying registry request attempt 1 at 01:32:09
384 verbose etag "26WWM1QCBBLUGV5T3VEQ5D14A"
385 http GET https://registry.npmjs.org/grunt-ng-annotate
386 verbose url raw grunt-svgmin
387 verbose url resolving [ 'https://registry.npmjs.org/', './grunt-svgmin' ]
388 verbose url resolved https://registry.npmjs.org/grunt-svgmin
389 info trying registry request attempt 1 at 01:32:09
390 verbose etag "80KQF6L7C1HKB1NGIBSJUQ1PM"
391 http GET https://registry.npmjs.org/grunt-svgmin
392 verbose url raw grunt-usemin
393 verbose url resolving [ 'https://registry.npmjs.org/', './grunt-usemin' ]
394 verbose url resolved https://registry.npmjs.org/grunt-usemin
395 info trying registry request attempt 1 at 01:32:09
396 verbose etag "B4W6R4Y1U8BU9WGZVAGJJYQ98"
397 http GET https://registry.npmjs.org/grunt-usemin
398 verbose url raw grunt-wiredep
399 verbose url resolving [ 'https://registry.npmjs.org/', './grunt-wiredep' ]
400 verbose url resolved https://registry.npmjs.org/grunt-wiredep
401 info trying registry request attempt 1 at 01:32:09
402 verbose etag "EF74FCKTXFTXPVW3K28EU6F6P"
403 http GET https://registry.npmjs.org/grunt-wiredep
404 silly lockFile 263c708a-y-grunt-contrib-uglify-0-7-0-tgz https://registry.npmjs.org/grunt-contrib-uglify/-/grunt-contrib-uglify-0.7.0.tgz
405 verbose lock https://registry.npmjs.org/grunt-contrib-uglify/-/grunt-contrib-uglify-0.7.0.tgz /home/zieghailo/.npm/263c708a-y-grunt-contrib-uglify-0-7-0-tgz.lock
406 verbose url raw jshint-stylish
407 verbose url resolving [ 'https://registry.npmjs.org/', './jshint-stylish' ]
408 verbose url resolved https://registry.npmjs.org/jshint-stylish
409 info trying registry request attempt 1 at 01:32:09
410 verbose etag "1KHQGNIJLB3HUS8Q6WECPDC00"
411 http GET https://registry.npmjs.org/jshint-stylish
412 verbose registry.get load-grunt-tasks not expired, no request
413 silly addNameRange number 2 { name: 'load-grunt-tasks',
413 silly addNameRange   range: '>=3.1.0-0 <4.0.0-0',
413 silly addNameRange   hasData: true }
414 silly addNameRange versions [ 'load-grunt-tasks',
414 silly addNameRange   [ '0.1.0',
414 silly addNameRange     '0.1.1',
414 silly addNameRange     '0.1.2',
414 silly addNameRange     '0.1.3',
414 silly addNameRange     '0.2.0',
414 silly addNameRange     '0.2.1',
414 silly addNameRange     '0.3.0',
414 silly addNameRange     '0.4.0',
414 silly addNameRange     '0.5.0',
414 silly addNameRange     '0.6.0',
414 silly addNameRange     '1.0.0',
414 silly addNameRange     '2.0.0',
414 silly addNameRange     '3.0.0',
414 silly addNameRange     '3.1.0',
414 silly addNameRange     '3.2.0' ] ]
415 verbose addNamed [ 'load-grunt-tasks', '3.2.0' ]
416 verbose addNamed [ '3.2.0', '3.2.0' ]
417 silly lockFile 495e6301-load-grunt-tasks-3-2-0 load-grunt-tasks@3.2.0
418 verbose lock load-grunt-tasks@3.2.0 /home/zieghailo/.npm/495e6301-load-grunt-tasks-3-2-0.lock
419 verbose url raw time-grunt
420 verbose url resolving [ 'https://registry.npmjs.org/', './time-grunt' ]
421 verbose url resolved https://registry.npmjs.org/time-grunt
422 info trying registry request attempt 1 at 01:32:09
423 verbose etag "8X0YZ0ZW5HY40TYLQJXG3IDPU"
424 http GET https://registry.npmjs.org/time-grunt
425 verbose addRemoteTarball [ 'https://registry.npmjs.org/grunt-contrib-uglify/-/grunt-contrib-uglify-0.7.0.tgz',
425 verbose addRemoteTarball   '79dde81a62cec6ffa35b47a32833706744f8e787' ]
426 silly lockFile 263c708a-y-grunt-contrib-uglify-0-7-0-tgz https://registry.npmjs.org/grunt-contrib-uglify/-/grunt-contrib-uglify-0.7.0.tgz
427 silly lockFile 263c708a-y-grunt-contrib-uglify-0-7-0-tgz https://registry.npmjs.org/grunt-contrib-uglify/-/grunt-contrib-uglify-0.7.0.tgz
428 silly lockFile 0707808c-grunt-contrib-uglify-0-7-0 grunt-contrib-uglify@0.7.0
429 silly lockFile 0707808c-grunt-contrib-uglify-0-7-0 grunt-contrib-uglify@0.7.0
430 silly lockFile 305ef1bc-grunt-contrib-uglify-0-7-0 grunt-contrib-uglify@^0.7.0
431 silly lockFile 305ef1bc-grunt-contrib-uglify-0-7-0 grunt-contrib-uglify@^0.7.0
432 error Error: EACCES, mkdir '/home/zieghailo/tmp/npm-10950-O36kj8i6'
432 error  { [Error: EACCES, mkdir '/home/zieghailo/tmp/npm-10950-O36kj8i6']
432 error   errno: 3,
432 error   code: 'EACCES',
432 error   path: '/home/zieghailo/tmp/npm-10950-O36kj8i6' }
433 error Please try running this command again as root/Administrator.
434 error System Linux 3.13.0-37-generic
435 error command "/usr/bin/nodejs" "/usr/bin/npm" "install"
436 error cwd /home/zieghailo/development/projects/rt_hakaton/injera/statika/web/static/proba
437 error node -v v0.10.25
438 error npm -v 1.3.10
439 error path /home/zieghailo/tmp/npm-10950-O36kj8i6
440 error code EACCES
441 error errno 3
442 error stack Error: EACCES, mkdir '/home/zieghailo/tmp/npm-10950-O36kj8i6'
443 verbose exit [ 3, true ]
